This file contains any messages produced by compilers while
running configure, to aid debugging if configure makes a mistake.

It was created by kalibrate configure 0.4.1, which was
generated by GNU Autoconf 2.69.  Invocation command line was

  $ ./configure 

## --------- ##
## Platform. ##
## --------- ##

hostname = kali
uname -m = x86_64
uname -r = 4.3.0-kali1-amd64
uname -s = Linux
uname -v = #1 SMP Debian 4.3.5-1kali1 (2016-02-11)

/usr/bin/uname -p = unknown
/bin/uname -X     = unknown

/bin/arch              = unknown
/usr/bin/arch -k       = unknown
/usr/convex/getsysinfo = unknown
/usr/bin/hostinfo      = unknown
/bin/machine           = unknown
/usr/bin/oslevel       = unknown
/bin/universe          = unknown

PATH: /usr/local/sbin
PATH: /usr/local/bin
PATH: /usr/sbin
PATH: /usr/bin
PATH: /sbin
PATH: /bin


## ----------- ##
## Core tests. ##
## ----------- ##

configure:2344: checking for a BSD-compatible install
configure:2412: result: /usr/bin/install -c
configure:2423: checking whether build environment is sane
configure:2478: result: yes
configure:2629: checking for a thread-safe mkdir -p
configure:2668: result: /bin/mkdir -p
configure:2675: checking for gawk
configure:2705: result: no
configure:2675: checking for mawk
configure:2691: found /usr/bin/mawk
configure:2702: result: mawk
configure:2713: checking whether make sets $(MAKE)
configure:2735: result: yes
configure:2764: checking whether make supports nested variables
configure:2781: result: yes
configure:2969: checking for g++
configure:2985: found /usr/bin/g++
configure:2996: result: g++
configure:3023: checking for C++ compiler version
configure:3032: g++ --version >&5
g++ (Debian 5.3.1-8) 5.3.1 20160205
Copyright (C) 2015 Free Software Foundation, Inc.
This is free software; see the source for copying conditions.  There is NO
warranty; not even for MERCHANTABILITY or FITNESS FOR A PARTICULAR PURPOSE.

configure:3043: $? = 0
configure:3032: g++ -v >&5
Using built-in specs.
COLLECT_GCC=g++
COLLECT_LTO_WRAPPER=/usr/lib/gcc/x86_64-linux-gnu/5/lto-wrapper
Target: x86_64-linux-gnu
Configured with: ../src/configure -v --with-pkgversion='Debian 5.3.1-8' --with-bugurl=file:///usr/share/doc/gcc-5/README.Bugs --enable-languages=c,ada,c++,java,go,d,fortran,objc,obj-c++ --prefix=/usr --program-suffix=-5 --enable-shared --enable-linker-build-id --libexecdir=/usr/lib --without-included-gettext --enable-threads=posix --libdir=/usr/lib --enable-nls --with-sysroot=/ --enable-clocale=gnu --enable-libstdcxx-debug --enable-libstdcxx-time=yes --with-default-libstdcxx-abi=new --enable-gnu-unique-object --disable-vtable-verify --enable-libmpx --enable-plugin --with-system-zlib --disable-browser-plugin --enable-java-awt=gtk --enable-gtk-cairo --with-java-home=/usr/lib/jvm/java-1.5.0-gcj-5-amd64/jre --enable-java-home --with-jvm-root-dir=/usr/lib/jvm/java-1.5.0-gcj-5-amd64 --with-jvm-jar-dir=/usr/lib/jvm-exports/java-1.5.0-gcj-5-amd64 --with-arch-directory=amd64 --with-ecj-jar=/usr/share/java/eclipse-ecj.jar --enable-objc-gc --enable-multiarch --with-arch-32=i586 --with-abi=m64 --with-multilib-list=m32,m64,mx32 --enable-multilib --with-tune=generic --enable-checking=release --build=x86_64-linux-gnu --host=x86_64-linux-gnu --target=x86_64-linux-gnu
Thread model: posix
gcc version 5.3.1 20160205 (Debian 5.3.1-8) 
configure:3043: $? = 0
configure:3032: g++ -V >&5
g++: error: unrecognized command line option '-V'
g++: fatal error: no input files
compilation terminated.
configure:3043: $? = 1
configure:3032: g++ -qversion >&5
g++: error: unrecognized command line option '-qversion'
g++: fatal error: no input files
compilation terminated.
configure:3043: $? = 1
configure:3063: checking whether the C++ compiler works
configure:3085: g++    conftest.cpp  >&5
configure:3089: $? = 0
configure:3137: result: yes
configure:3140: checking for C++ compiler default output file name
configure:3142: result: a.out
configure:3148: checking for suffix of executables
configure:3155: g++ -o conftest    conftest.cpp  >&5
configure:3159: $? = 0
configure:3181: result: 
configure:3203: checking whether we are cross compiling
configure:3211: g++ -o conftest    conftest.cpp  >&5
configure:3215: $? = 0
configure:3222: ./conftest
configure:3226: $? = 0
configure:3241: result: no
configure:3246: checking for suffix of object files
configure:3268: g++ -c   conftest.cpp >&5
configure:3272: $? = 0
configure:3293: result: o
configure:3297: checking whether we are using the GNU C++ compiler
configure:3316: g++ -c   conftest.cpp >&5
configure:3316: $? = 0
configure:3325: result: yes
configure:3334: checking whether g++ accepts -g
configure:3354: g++ -c -g  conftest.cpp >&5
configure:3354: $? = 0
configure:3395: result: yes
configure:3429: checking for style of include used by make
configure:3457: result: GNU
configure:3483: checking dependency style of g++
configure:3594: result: gcc3
configure:3657: checking for gcc
configure:3673: found /usr/bin/gcc
configure:3684: result: gcc
configure:3913: checking for C compiler version
configure:3922: gcc --version >&5
gcc (Debian 5.3.1-8) 5.3.1 20160205
Copyright (C) 2015 Free Software Foundation, Inc.
This is free software; see the source for copying conditions.  There is NO
warranty; not even for MERCHANTABILITY or FITNESS FOR A PARTICULAR PURPOSE.

configure:3933: $? = 0
configure:3922: gcc -v >&5
Using built-in specs.
COLLECT_GCC=gcc
COLLECT_LTO_WRAPPER=/usr/lib/gcc/x86_64-linux-gnu/5/lto-wrapper
Target: x86_64-linux-gnu
Configured with: ../src/configure -v --with-pkgversion='Debian 5.3.1-8' --with-bugurl=file:///usr/share/doc/gcc-5/README.Bugs --enable-languages=c,ada,c++,java,go,d,fortran,objc,obj-c++ --prefix=/usr --program-suffix=-5 --enable-shared --enable-linker-build-id --libexecdir=/usr/lib --without-included-gettext --enable-threads=posix --libdir=/usr/lib --enable-nls --with-sysroot=/ --enable-clocale=gnu --enable-libstdcxx-debug --enable-libstdcxx-time=yes --with-default-libstdcxx-abi=new --enable-gnu-unique-object --disable-vtable-verify --enable-libmpx --enable-plugin --with-system-zlib --disable-browser-plugin --enable-java-awt=gtk --enable-gtk-cairo --with-java-home=/usr/lib/jvm/java-1.5.0-gcj-5-amd64/jre --enable-java-home --with-jvm-root-dir=/usr/lib/jvm/java-1.5.0-gcj-5-amd64 --with-jvm-jar-dir=/usr/lib/jvm-exports/java-1.5.0-gcj-5-amd64 --with-arch-directory=amd64 --with-ecj-jar=/usr/share/java/eclipse-ecj.jar --enable-objc-gc --enable-multiarch --with-arch-32=i586 --with-abi=m64 --with-multilib-list=m32,m64,mx32 --enable-multilib --with-tune=generic --enable-checking=release --build=x86_64-linux-gnu --host=x86_64-linux-gnu --target=x86_64-linux-gnu
Thread model: posix
gcc version 5.3.1 20160205 (Debian 5.3.1-8) 
configure:3933: $? = 0
configure:3922: gcc -V >&5
gcc: error: unrecognized command line option '-V'
gcc: fatal error: no input files
compilation terminated.
configure:3933: $? = 1
configure:3922: gcc -qversion >&5
gcc: error: unrecognized command line option '-qversion'
gcc: fatal error: no input files
compilation terminated.
configure:3933: $? = 1
configure:3937: checking whether we are using the GNU C compiler
configure:3956: gcc -c   conftest.c >&5
configure:3956: $? = 0
configure:3965: result: yes
configure:3974: checking whether gcc accepts -g
configure:3994: gcc -c -g  conftest.c >&5
configure:3994: $? = 0
configure:4035: result: yes
configure:4052: checking for gcc option to accept ISO C89
configure:4115: gcc  -c -g -O2  conftest.c >&5
configure:4115: $? = 0
configure:4128: result: none needed
configure:4153: checking whether gcc understands -c and -o together
configure:4175: gcc -c conftest.c -o conftest2.o
configure:4178: $? = 0
configure:4175: gcc -c conftest.c -o conftest2.o
configure:4178: $? = 0
configure:4190: result: yes
configure:4209: checking dependency style of gcc
configure:4320: result: gcc3
configure:4335: checking whether ln -s works
configure:4339: result: yes
configure:4389: checking for ranlib
configure:4405: found /usr/bin/ranlib
configure:4416: result: ranlib
configure:4446: checking how to run the C preprocessor
configure:4477: gcc -E  conftest.c
configure:4477: $? = 0
configure:4491: gcc -E  conftest.c
conftest.c:11:28: fatal error: ac_nonexistent.h: No such file or directory
compilation terminated.
configure:4491: $? = 1
configure: failed program was:
| /* confdefs.h */
| #define PACKAGE_NAME "kalibrate"
| #define PACKAGE_TARNAME "kal"
| #define PACKAGE_VERSION "0.4.1"
| #define PACKAGE_STRING "kalibrate 0.4.1"
| #define PACKAGE_BUGREPORT "jl@thre.at"
| #define PACKAGE_URL ""
| #define PACKAGE "kal"
| #define VERSION "0.4.1"
| /* end confdefs.h.  */
| #include <ac_nonexistent.h>
configure:4516: result: gcc -E
configure:4536: gcc -E  conftest.c
configure:4536: $? = 0
configure:4550: gcc -E  conftest.c
conftest.c:11:28: fatal error: ac_nonexistent.h: No such file or directory
compilation terminated.
configure:4550: $? = 1
configure: failed program was:
| /* confdefs.h */
| #define PACKAGE_NAME "kalibrate"
| #define PACKAGE_TARNAME "kal"
| #define PACKAGE_VERSION "0.4.1"
| #define PACKAGE_STRING "kalibrate 0.4.1"
| #define PACKAGE_BUGREPORT "jl@thre.at"
| #define PACKAGE_URL ""
| #define PACKAGE "kal"
| #define VERSION "0.4.1"
| /* end confdefs.h.  */
| #include <ac_nonexistent.h>
configure:4579: checking for grep that handles long lines and -e
configure:4637: result: /bin/grep
configure:4642: checking for egrep
configure:4704: result: /bin/grep -E
configure:4709: checking for ANSI C header files
configure:4729: gcc -c -g -O2  conftest.c >&5
configure:4729: $? = 0
configure:4802: gcc -o conftest -g -O2   conftest.c  >&5
configure:4802: $? = 0
configure:4802: ./conftest
configure:4802: $? = 0
configure:4813: result: yes
configure:4826: checking for sys/types.h
configure:4826: gcc -c -g -O2  conftest.c >&5
configure:4826: $? = 0
configure:4826: result: yes
configure:4826: checking for sys/stat.h
configure:4826: gcc -c -g -O2  conftest.c >&5
configure:4826: $? = 0
configure:4826: result: yes
configure:4826: checking for stdlib.h
configure:4826: gcc -c -g -O2  conftest.c >&5
configure:4826: $? = 0
configure:4826: result: yes
configure:4826: checking for string.h
configure:4826: gcc -c -g -O2  conftest.c >&5
configure:4826: $? = 0
configure:4826: result: yes
configure:4826: checking for memory.h
configure:4826: gcc -c -g -O2  conftest.c >&5
configure:4826: $? = 0
configure:4826: result: yes
configure:4826: checking for strings.h
configure:4826: gcc -c -g -O2  conftest.c >&5
configure:4826: $? = 0
configure:4826: result: yes
configure:4826: checking for inttypes.h
configure:4826: gcc -c -g -O2  conftest.c >&5
configure:4826: $? = 0
configure:4826: result: yes
configure:4826: checking for stdint.h
configure:4826: gcc -c -g -O2  conftest.c >&5
configure:4826: $? = 0
configure:4826: result: yes
configure:4826: checking for unistd.h
configure:4826: gcc -c -g -O2  conftest.c >&5
configure:4826: $? = 0
configure:4826: result: yes
configure:4841: checking for stdlib.h
configure:4841: result: yes
configure:4841: checking for string.h
configure:4841: result: yes
configure:4841: checking sys/time.h usability
configure:4841: gcc -c -g -O2  conftest.c >&5
configure:4841: $? = 0
configure:4841: result: yes
configure:4841: checking sys/time.h presence
configure:4841: gcc -E  conftest.c
configure:4841: $? = 0
configure:4841: result: yes
configure:4841: checking for sys/time.h
configure:4841: result: yes
configure:4841: checking for unistd.h
configure:4841: result: yes
configure:4853: checking for stdbool.h that conforms to C99
configure:4920: gcc -c -g -O2  conftest.c >&5
configure:4920: $? = 0
configure:4927: result: yes
configure:4929: checking for _Bool
configure:4929: gcc -c -g -O2  conftest.c >&5
configure:4929: $? = 0
configure:4929: gcc -c -g -O2  conftest.c >&5
conftest.c: In function 'main':
conftest.c:61:20: error: expected expression before ')' token
 if (sizeof ((_Bool)))
                    ^
configure:4929: $? = 1
configure: failed program was:
| /* confdefs.h */
| #define PACKAGE_NAME "kalibrate"
| #define PACKAGE_TARNAME "kal"
| #define PACKAGE_VERSION "0.4.1"
| #define PACKAGE_STRING "kalibrate 0.4.1"
| #define PACKAGE_BUGREPORT "jl@thre.at"
| #define PACKAGE_URL ""
| #define PACKAGE "kal"
| #define VERSION "0.4.1"
| #define STDC_HEADERS 1
| #define HAVE_SYS_TYPES_H 1
| #define HAVE_SYS_STAT_H 1
| #define HAVE_STDLIB_H 1
| #define HAVE_STRING_H 1
| #define HAVE_MEMORY_H 1
| #define HAVE_STRINGS_H 1
| #define HAVE_INTTYPES_H 1
| #define HAVE_STDINT_H 1
| #define HAVE_UNISTD_H 1
| #define HAVE_STDLIB_H 1
| #define HAVE_STRING_H 1
| #define HAVE_SYS_TIME_H 1
| #define HAVE_UNISTD_H 1
| /* end confdefs.h.  */
| #include <stdio.h>
| #ifdef HAVE_SYS_TYPES_H
| # include <sys/types.h>
| #endif
| #ifdef HAVE_SYS_STAT_H
| # include <sys/stat.h>
| #endif
| #ifdef STDC_HEADERS
| # include <stdlib.h>
| # include <stddef.h>
| #else
| # ifdef HAVE_STDLIB_H
| #  include <stdlib.h>
| # endif
| #endif
| #ifdef HAVE_STRING_H
| # if !defined STDC_HEADERS && defined HAVE_MEMORY_H
| #  include <memory.h>
| # endif
| # include <string.h>
| #endif
| #ifdef HAVE_STRINGS_H
| # include <strings.h>
| #endif
| #ifdef HAVE_INTTYPES_H
| # include <inttypes.h>
| #endif
| #ifdef HAVE_STDINT_H
| # include <stdint.h>
| #endif
| #ifdef HAVE_UNISTD_H
| # include <unistd.h>
| #endif
| int
| main ()
| {
| if (sizeof ((_Bool)))
| 	    return 0;
|   ;
|   return 0;
| }
configure:4929: result: yes
configure:4946: checking for inline
configure:4962: gcc -c -g -O2  conftest.c >&5
configure:4962: $? = 0
configure:4970: result: inline
configure:4990: checking for working strtod
configure:5031: gcc -o conftest -g -O2   conftest.c  >&5
configure:5031: $? = 0
configure:5031: ./conftest
configure:5031: $? = 0
configure:5041: result: yes
configure:5106: checking for floor
configure:5106: gcc -o conftest -g -O2   conftest.c  >&5
conftest.c:50:6: warning: conflicting types for built-in function 'floor'
 char floor ();
      ^
/tmp/ccGZujbx.o: In function `main':
/root/sdr/kalibrate-hackrf/conftest.c:61: undefined reference to `floor'
collect2: error: ld returned 1 exit status
configure:5106: $? = 1
configure: failed program was:
| /* confdefs.h */
| #define PACKAGE_NAME "kalibrate"
| #define PACKAGE_TARNAME "kal"
| #define PACKAGE_VERSION "0.4.1"
| #define PACKAGE_STRING "kalibrate 0.4.1"
| #define PACKAGE_BUGREPORT "jl@thre.at"
| #define PACKAGE_URL ""
| #define PACKAGE "kal"
| #define VERSION "0.4.1"
| #define STDC_HEADERS 1
| #define HAVE_SYS_TYPES_H 1
| #define HAVE_SYS_STAT_H 1
| #define HAVE_STDLIB_H 1
| #define HAVE_STRING_H 1
| #define HAVE_MEMORY_H 1
| #define HAVE_STRINGS_H 1
| #define HAVE_INTTYPES_H 1
| #define HAVE_STDINT_H 1
| #define HAVE_UNISTD_H 1
| #define HAVE_STDLIB_H 1
| #define HAVE_STRING_H 1
| #define HAVE_SYS_TIME_H 1
| #define HAVE_UNISTD_H 1
| #define HAVE__BOOL 1
| #define HAVE_STDBOOL_H 1
| /* end confdefs.h.  */
| /* Define floor to an innocuous variant, in case <limits.h> declares floor.
|    For example, HP-UX 11i <limits.h> declares gettimeofday.  */
| #define floor innocuous_floor
| 
| /* System header to define __stub macros and hopefully few prototypes,
|     which can conflict with char floor (); below.
|     Prefer <limits.h> to <assert.h> if __STDC__ is defined, since
|     <limits.h> exists even on freestanding compilers.  */
| 
| #ifdef __STDC__
| # include <limits.h>
| #else
| # include <assert.h>
| #endif
| 
| #undef floor
| 
| /* Override any GCC internal prototype to avoid an error.
|    Use char because int might match the return type of a GCC
|    builtin and then its argument prototype would still apply.  */
| #ifdef __cplusplus
| extern "C"
| #endif
| char floor ();
| /* The GNU C library defines this for functions which it implements
|     to always fail with ENOSYS.  Some functions are actually named
|     something starting with __ and the normal name is an alias.  */
| #if defined __stub_floor || defined __stub___floor
| choke me
| #endif
| 
| int
| main ()
| {
| return floor ();
|   ;
|   return 0;
| }
configure:5106: result: no
configure:5106: checking for getpagesize
configure:5106: gcc -o conftest -g -O2   conftest.c  >&5
configure:5106: $? = 0
configure:5106: result: yes
configure:5106: checking for memset
configure:5106: gcc -o conftest -g -O2   conftest.c  >&5
conftest.c:51:6: warning: conflicting types for built-in function 'memset'
 char memset ();
      ^
configure:5106: $? = 0
configure:5106: result: yes
configure:5106: checking for sqrt
configure:5106: gcc -o conftest -g -O2   conftest.c  >&5
conftest.c:52:6: warning: conflicting types for built-in function 'sqrt'
 char sqrt ();
      ^
/tmp/ccmfbc1F.o: In function `main':
/root/sdr/kalibrate-hackrf/conftest.c:63: undefined reference to `sqrt'
collect2: error: ld returned 1 exit status
configure:5106: $? = 1
configure: failed program was:
| /* confdefs.h */
| #define PACKAGE_NAME "kalibrate"
| #define PACKAGE_TARNAME "kal"
| #define PACKAGE_VERSION "0.4.1"
| #define PACKAGE_STRING "kalibrate 0.4.1"
| #define PACKAGE_BUGREPORT "jl@thre.at"
| #define PACKAGE_URL ""
| #define PACKAGE "kal"
| #define VERSION "0.4.1"
| #define STDC_HEADERS 1
| #define HAVE_SYS_TYPES_H 1
| #define HAVE_SYS_STAT_H 1
| #define HAVE_STDLIB_H 1
| #define HAVE_STRING_H 1
| #define HAVE_MEMORY_H 1
| #define HAVE_STRINGS_H 1
| #define HAVE_INTTYPES_H 1
| #define HAVE_STDINT_H 1
| #define HAVE_UNISTD_H 1
| #define HAVE_STDLIB_H 1
| #define HAVE_STRING_H 1
| #define HAVE_SYS_TIME_H 1
| #define HAVE_UNISTD_H 1
| #define HAVE__BOOL 1
| #define HAVE_STDBOOL_H 1
| #define HAVE_GETPAGESIZE 1
| #define HAVE_MEMSET 1
| /* end confdefs.h.  */
| /* Define sqrt to an innocuous variant, in case <limits.h> declares sqrt.
|    For example, HP-UX 11i <limits.h> declares gettimeofday.  */
| #define sqrt innocuous_sqrt
| 
| /* System header to define __stub macros and hopefully few prototypes,
|     which can conflict with char sqrt (); below.
|     Prefer <limits.h> to <assert.h> if __STDC__ is defined, since
|     <limits.h> exists even on freestanding compilers.  */
| 
| #ifdef __STDC__
| # include <limits.h>
| #else
| # include <assert.h>
| #endif
| 
| #undef sqrt
| 
| /* Override any GCC internal prototype to avoid an error.
|    Use char because int might match the return type of a GCC
|    builtin and then its argument prototype would still apply.  */
| #ifdef __cplusplus
| extern "C"
| #endif
| char sqrt ();
| /* The GNU C library defines this for functions which it implements
|     to always fail with ENOSYS.  Some functions are actually named
|     something starting with __ and the normal name is an alias.  */
| #if defined __stub_sqrt || defined __stub___sqrt
| choke me
| #endif
| 
| int
| main ()
| {
| return sqrt ();
|   ;
|   return 0;
| }
configure:5106: result: no
configure:5106: checking for strtoul
configure:5106: gcc -o conftest -g -O2   conftest.c  >&5
configure:5106: $? = 0
configure:5106: result: yes
configure:5106: checking for strtol
configure:5106: gcc -o conftest -g -O2   conftest.c  >&5
configure:5106: $? = 0
configure:5106: result: yes
configure:5171: checking for pkg-config
configure:5189: found /usr/bin/pkg-config
configure:5201: result: /usr/bin/pkg-config
configure:5226: checking pkg-config is at least version 0.9.0
configure:5229: result: yes
configure:5239: checking for FFTW3
configure:5246: $PKG_CONFIG --exists --print-errors "fftw3 >= 3.0"
configure:5249: $? = 0
configure:5263: $PKG_CONFIG --exists --print-errors "fftw3 >= 3.0"
configure:5266: $? = 0
configure:5324: result: yes
configure:5334: checking for LIBHACKRF
configure:5341: $PKG_CONFIG --exists --print-errors "libhackrf"
configure:5344: $? = 0
configure:5358: $PKG_CONFIG --exists --print-errors "libhackrf"
configure:5361: $? = 0
configure:5419: result: yes
configure:5431: checking build system type
configure:5445: result: x86_64-pc-linux-gnu
configure:5465: checking host system type
configure:5478: result: x86_64-pc-linux-gnu
configure:5625: checking that generated files are newer than configure
configure:5631: result: done
configure:5658: creating ./config.status

## ---------------------- ##
## Running config.status. ##
## ---------------------- ##

This file was extended by kalibrate config.status 0.4.1, which was
generated by GNU Autoconf 2.69.  Invocation command line was

  CONFIG_FILES    = 
  CONFIG_HEADERS  = 
  CONFIG_LINKS    = 
  CONFIG_COMMANDS = 
  $ ./config.status 

on kali

config.status:888: creating Makefile
config.status:888: creating src/Makefile
config.status:888: creating config.h
config.status:1117: executing depfiles commands

## ---------------- ##
## Cache variables. ##
## ---------------- ##

ac_cv_build=x86_64-pc-linux-gnu
ac_cv_c_compiler_gnu=yes
ac_cv_c_inline=inline
ac_cv_cxx_compiler_gnu=yes
ac_cv_env_CCC_set=
ac_cv_env_CCC_value=
ac_cv_env_CC_set=
ac_cv_env_CC_value=
ac_cv_env_CFLAGS_set=
ac_cv_env_CFLAGS_value=
ac_cv_env_CPPFLAGS_set=
ac_cv_env_CPPFLAGS_value=
ac_cv_env_CPP_set=
ac_cv_env_CPP_value=
ac_cv_env_CXXFLAGS_set=
ac_cv_env_CXXFLAGS_value=
ac_cv_env_CXX_set=
ac_cv_env_CXX_value=
ac_cv_env_FFTW3_CFLAGS_set=
ac_cv_env_FFTW3_CFLAGS_value=
ac_cv_env_FFTW3_LIBS_set=
ac_cv_env_FFTW3_LIBS_value=
ac_cv_env_LDFLAGS_set=
ac_cv_env_LDFLAGS_value=
ac_cv_env_LIBHACKRF_CFLAGS_set=
ac_cv_env_LIBHACKRF_CFLAGS_value=
ac_cv_env_LIBHACKRF_LIBS_set=
ac_cv_env_LIBHACKRF_LIBS_value=
ac_cv_env_LIBS_set=
ac_cv_env_LIBS_value=
ac_cv_env_PKG_CONFIG_LIBDIR_set=
ac_cv_env_PKG_CONFIG_LIBDIR_value=
ac_cv_env_PKG_CONFIG_PATH_set=
ac_cv_env_PKG_CONFIG_PATH_value=
ac_cv_env_PKG_CONFIG_set=
ac_cv_env_PKG_CONFIG_value=
ac_cv_env_build_alias_set=
ac_cv_env_build_alias_value=
ac_cv_env_host_alias_set=
ac_cv_env_host_alias_value=
ac_cv_env_target_alias_set=
ac_cv_env_target_alias_value=
ac_cv_func_floor=no
ac_cv_func_getpagesize=yes
ac_cv_func_memset=yes
ac_cv_func_sqrt=no
ac_cv_func_strtod=yes
ac_cv_func_strtol=yes
ac_cv_func_strtoul=yes
ac_cv_header_inttypes_h=yes
ac_cv_header_memory_h=yes
ac_cv_header_stdbool_h=yes
ac_cv_header_stdc=yes
ac_cv_header_stdint_h=yes
ac_cv_header_stdlib_h=yes
ac_cv_header_string_h=yes
ac_cv_header_strings_h=yes
ac_cv_header_sys_stat_h=yes
ac_cv_header_sys_time_h=yes
ac_cv_header_sys_types_h=yes
ac_cv_header_unistd_h=yes
ac_cv_host=x86_64-pc-linux-gnu
ac_cv_objext=o
ac_cv_path_EGREP='/bin/grep -E'
ac_cv_path_GREP=/bin/grep
ac_cv_path_ac_pt_PKG_CONFIG=/usr/bin/pkg-config
ac_cv_path_install='/usr/bin/install -c'
ac_cv_path_mkdir=/bin/mkdir
ac_cv_prog_AWK=mawk
ac_cv_prog_CPP='gcc -E'
ac_cv_prog_ac_ct_CC=gcc
ac_cv_prog_ac_ct_CXX=g++
ac_cv_prog_ac_ct_RANLIB=ranlib
ac_cv_prog_cc_c89=
ac_cv_prog_cc_g=yes
ac_cv_prog_cxx_g=yes
ac_cv_prog_make_make_set=yes
ac_cv_type__Bool=yes
am_cv_CC_dependencies_compiler_type=gcc3
am_cv_CXX_dependencies_compiler_type=gcc3
am_cv_make_support_nested_variables=yes
am_cv_prog_cc_c_o=yes
pkg_cv_FFTW3_CFLAGS=
pkg_cv_FFTW3_LIBS=-lfftw3
pkg_cv_LIBHACKRF_CFLAGS='-I/usr/include/ -I/usr/include/libusb-1.0'
pkg_cv_LIBHACKRF_LIBS=-lhackrf

## ----------------- ##
## Output variables. ##
## ----------------- ##

ACLOCAL='${SHELL} /root/sdr/kalibrate-hackrf/missing aclocal-1.15'
AMDEPBACKSLASH='\'
AMDEP_FALSE='#'
AMDEP_TRUE=''
AMTAR='$${TAR-tar}'
AM_BACKSLASH='\'
AM_DEFAULT_V='$(AM_DEFAULT_VERBOSITY)'
AM_DEFAULT_VERBOSITY='1'
AM_V='$(V)'
AUTOCONF='${SHELL} /root/sdr/kalibrate-hackrf/missing autoconf'
AUTOHEADER='${SHELL} /root/sdr/kalibrate-hackrf/missing autoheader'
AUTOMAKE='${SHELL} /root/sdr/kalibrate-hackrf/missing automake-1.15'
AWK='mawk'
CC='gcc'
CCDEPMODE='depmode=gcc3'
CFLAGS='-g -O2'
CPP='gcc -E'
CPPFLAGS=''
CXX='g++'
CXXDEPMODE='depmode=gcc3'
CXXFLAGS='-g -O2'
CYGPATH_W='echo'
DEFS='-DHAVE_CONFIG_H'
DEPDIR='.deps'
ECHO_C=''
ECHO_N='-n'
ECHO_T=''
EGREP='/bin/grep -E'
EXEEXT=''
FFTW3_CFLAGS=''
FFTW3_LIBS='-lfftw3'
GREP='/bin/grep'
INSTALL_DATA='${INSTALL} -m 644'
INSTALL_PROGRAM='${INSTALL}'
INSTALL_SCRIPT='${INSTALL}'
INSTALL_STRIP_PROGRAM='$(install_sh) -c -s'
LDFLAGS=''
LIBHACKRF_CFLAGS='-I/usr/include/ -I/usr/include/libusb-1.0'
LIBHACKRF_LIBS='-lhackrf'
LIBOBJS=''
LIBS=''
LN_S='ln -s'
LTLIBOBJS=''
MAKEINFO='${SHELL} /root/sdr/kalibrate-hackrf/missing makeinfo'
MKDIR_P='/bin/mkdir -p'
OBJEXT='o'
PACKAGE='kal'
PACKAGE_BUGREPORT='jl@thre.at'
PACKAGE_NAME='kalibrate'
PACKAGE_STRING='kalibrate 0.4.1'
PACKAGE_TARNAME='kal'
PACKAGE_URL=''
PACKAGE_VERSION='0.4.1'
PATH_SEPARATOR=':'
PKG_CONFIG='/usr/bin/pkg-config'
PKG_CONFIG_LIBDIR=''
PKG_CONFIG_PATH=''
POW_LIB=''
RANLIB='ranlib'
SET_MAKE=''
SHELL='/bin/bash'
STRIP=''
VERSION='0.4.1'
ac_ct_CC='gcc'
ac_ct_CXX='g++'
am__EXEEXT_FALSE=''
am__EXEEXT_TRUE='#'
am__fastdepCC_FALSE='#'
am__fastdepCC_TRUE=''
am__fastdepCXX_FALSE='#'
am__fastdepCXX_TRUE=''
am__include='include'
am__isrc=''
am__leading_dot='.'
am__nodep='_no'
am__quote=''
am__tar='$${TAR-tar} chof - "$$tardir"'
am__untar='$${TAR-tar} xf -'
bindir='${exec_prefix}/bin'
build='x86_64-pc-linux-gnu'
build_alias=''
build_cpu='x86_64'
build_os='linux-gnu'
build_vendor='pc'
datadir='${datarootdir}'
datarootdir='${prefix}/share'
docdir='${datarootdir}/doc/${PACKAGE_TARNAME}'
dvidir='${docdir}'
exec_prefix='${prefix}'
host='x86_64-pc-linux-gnu'
host_alias=''
host_cpu='x86_64'
host_os='linux-gnu'
host_vendor='pc'
htmldir='${docdir}'
includedir='${prefix}/include'
infodir='${datarootdir}/info'
install_sh='${SHELL} /root/sdr/kalibrate-hackrf/install-sh'
libdir='${exec_prefix}/lib'
libexecdir='${exec_prefix}/libexec'
localedir='${datarootdir}/locale'
localstatedir='${prefix}/var'
mandir='${datarootdir}/man'
mkdir_p='$(MKDIR_P)'
oldincludedir='/usr/include'
pdfdir='${docdir}'
prefix='/usr/local'
program_transform_name='s,x,x,'
psdir='${docdir}'
runstatedir='${localstatedir}/run'
sbindir='${exec_prefix}/sbin'
sharedstatedir='${prefix}/com'
sysconfdir='${prefix}/etc'
target_alias=''

## ----------- ##
## confdefs.h. ##
## ----------- ##

/* confdefs.h */
#define PACKAGE_NAME "kalibrate"
#define PACKAGE_TARNAME "kal"
#define PACKAGE_VERSION "0.4.1"
#define PACKAGE_STRING "kalibrate 0.4.1"
#define PACKAGE_BUGREPORT "jl@thre.at"
#define PACKAGE_URL ""
#define PACKAGE "kal"
#define VERSION "0.4.1"
#define STDC_HEADERS 1
#define HAVE_SYS_TYPES_H 1
#define HAVE_SYS_STAT_H 1
#define HAVE_STDLIB_H 1
#define HAVE_STRING_H 1
#define HAVE_MEMORY_H 1
#define HAVE_STRINGS_H 1
#define HAVE_INTTYPES_H 1
#define HAVE_STDINT_H 1
#define HAVE_UNISTD_H 1
#define HAVE_STDLIB_H 1
#define HAVE_STRING_H 1
#define HAVE_SYS_TIME_H 1
#define HAVE_UNISTD_H 1
#define HAVE__BOOL 1
#define HAVE_STDBOOL_H 1
#define HAVE_GETPAGESIZE 1
#define HAVE_MEMSET 1
#define HAVE_STRTOUL 1
#define HAVE_STRTOL 1

configure: exit 0
